{"C:\\Users\\DELL\\OneDrive\\Desktop\\Namaste React\\src\\config.js": {"path":"C:\\Users\\DELL\\OneDrive\\Desktop\\Namaste React\\src\\config.js","statementMap":{"0":{"start":{"line":4,"column":27},"end":{"line":4,"column":110}},"1":{"start":{"line":6,"column":30},"end":{"line":1667,"column":1}},"2":{"start":{"line":1668,"column":29},"end":{"line":2146,"column":1}}},"fnMap":{},"branchMap":{},"s":{"0":1,"1":1,"2":1},"f":{},"b":{},"_coverageSchema":"1a1c01bbd47fc00a2c39e90264f33305004495a9","hash":"fa92819b4bfa9b59ab84264e736242f82576ab17"}
,"C:\\Users\\DELL\\OneDrive\\Desktop\\Namaste React\\src\\components\\Body.js": {"path":"C:\\Users\\DELL\\OneDrive\\Desktop\\Namaste React\\src\\components\\Body.js","statementMap":{"0":{"start":{"line":10,"column":23},"end":{"line":12,"column":5}},"1":{"start":{"line":11,"column":8},"end":{"line":11,"column":80}},"2":{"start":{"line":13,"column":4},"end":{"line":13,"column":22}},"3":{"start":{"line":16,"column":13},"end":{"line":74,"column":1}},"4":{"start":{"line":17,"column":48},"end":{"line":17,"column":60}},"5":{"start":{"line":18,"column":58},"end":{"line":18,"column":70}},"6":{"start":{"line":19,"column":40},"end":{"line":19,"column":52}},"7":{"start":{"line":21,"column":4},"end":{"line":26,"column":11}},"8":{"start":{"line":23,"column":8},"end":{"line":23,"column":20}},"9":{"start":{"line":28,"column":22},"end":{"line":39,"column":5}},"10":{"start":{"line":34,"column":20},"end":{"line":34,"column":33}},"11":{"start":{"line":36,"column":8},"end":{"line":36,"column":32}},"12":{"start":{"line":37,"column":8},"end":{"line":37,"column":37}},"13":{"start":{"line":43,"column":17},"end":{"line":43,"column":28}},"14":{"start":{"line":44,"column":0},"end":{"line":46,"column":1}},"15":{"start":{"line":45,"column":4},"end":{"line":45,"column":67}},"16":{"start":{"line":50,"column":4},"end":{"line":73,"column":6}},"17":{"start":{"line":53,"column":133},"end":{"line":53,"column":163}},"18":{"start":{"line":56,"column":33},"end":{"line":56,"column":71}},"19":{"start":{"line":58,"column":20},"end":{"line":58,"column":49}},"20":{"start":{"line":66,"column":24},"end":{"line":68,"column":26}}},"fnMap":{"0":{"name":"filterData","decl":{"start":{"line":9,"column":9},"end":{"line":9,"column":19}},"loc":{"start":{"line":9,"column":45},"end":{"line":14,"column":1}},"line":9},"1":{"name":"(anonymous_1)","decl":{"start":{"line":10,"column":42},"end":{"line":10,"column":43}},"loc":{"start":{"line":11,"column":8},"end":{"line":11,"column":80}},"line":11},"2":{"name":"(anonymous_2)","decl":{"start":{"line":16,"column":13},"end":{"line":16,"column":14}},"loc":{"start":{"line":16,"column":19},"end":{"line":74,"column":1}},"line":16},"3":{"name":"(anonymous_3)","decl":{"start":{"line":21,"column":14},"end":{"line":21,"column":15}},"loc":{"start":{"line":21,"column":20},"end":{"line":26,"column":5}},"line":21},"4":{"name":"(anonymous_4)","decl":{"start":{"line":28,"column":22},"end":{"line":28,"column":23}},"loc":{"start":{"line":28,"column":34},"end":{"line":39,"column":5}},"line":28},"5":{"name":"(anonymous_5)","decl":{"start":{"line":53,"column":124},"end":{"line":53,"column":125}},"loc":{"start":{"line":53,"column":131},"end":{"line":53,"column":165}},"line":53},"6":{"name":"(anonymous_6)","decl":{"start":{"line":54,"column":134},"end":{"line":54,"column":135}},"loc":{"start":{"line":54,"column":140},"end":{"line":59,"column":17}},"line":54},"7":{"name":"(anonymous_7)","decl":{"start":{"line":65,"column":45},"end":{"line":65,"column":46}},"loc":{"start":{"line":65,"column":61},"end":{"line":69,"column":21}},"line":65}},"branchMap":{"0":{"loc":{"start":{"line":44,"column":0},"end":{"line":46,"column":1}},"type":"if","locations":[{"start":{"line":44,"column":0},"end":{"line":46,"column":1}},{"start":{},"end":{}}],"line":44},"1":{"loc":{"start":{"line":50,"column":11},"end":{"line":73,"column":5}},"type":"cond-expr","locations":[{"start":{"line":50,"column":43},"end":{"line":50,"column":54}},{"start":{"line":51,"column":8},"end":{"line":72,"column":11}}],"line":50}},"s":{"0":0,"1":0,"2":0,"3":1,"4":2,"5":2,"6":2,"7":2,"8":1,"9":2,"10":1,"11":1,"12":1,"13":2,"14":2,"15":0,"16":2,"17":0,"18":0,"19":0,"20":16},"f":{"0":0,"1":0,"2":2,"3":1,"4":1,"5":0,"6":0,"7":16},"b":{"0":[0,2],"1":[1,1]},"_coverageSchema":"1a1c01bbd47fc00a2c39e90264f33305004495a9","hash":"d2d9dcf49362251b70312be92973496e1e44377f"}
,"C:\\Users\\DELL\\OneDrive\\Desktop\\Namaste React\\src\\components\\Header.js": {"path":"C:\\Users\\DELL\\OneDrive\\Desktop\\Namaste React\\src\\components\\Header.js","statementMap":{"0":{"start":{"line":9,"column":4},"end":{"line":9,"column":17}},"1":{"start":{"line":14,"column":14},"end":{"line":16,"column":1}},"2":{"start":{"line":15,"column":4},"end":{"line":15,"column":73}},"3":{"start":{"line":21,"column":15},"end":{"line":55,"column":1}},"4":{"start":{"line":22,"column":40},"end":{"line":22,"column":55}},"5":{"start":{"line":24,"column":17},"end":{"line":24,"column":40}},"6":{"start":{"line":26,"column":18},"end":{"line":26,"column":56}},"7":{"start":{"line":26,"column":39},"end":{"line":26,"column":55}},"8":{"start":{"line":28,"column":4},"end":{"line":54,"column":6}},"9":{"start":{"line":50,"column":69},"end":{"line":50,"column":89}},"10":{"start":{"line":50,"column":132},"end":{"line":50,"column":151}}},"fnMap":{"0":{"name":"loggedInUser","decl":{"start":{"line":7,"column":9},"end":{"line":7,"column":21}},"loc":{"start":{"line":7,"column":24},"end":{"line":10,"column":1}},"line":7},"1":{"name":"(anonymous_1)","decl":{"start":{"line":14,"column":14},"end":{"line":14,"column":15}},"loc":{"start":{"line":15,"column":4},"end":{"line":15,"column":73}},"line":15},"2":{"name":"(anonymous_2)","decl":{"start":{"line":21,"column":15},"end":{"line":21,"column":16}},"loc":{"start":{"line":21,"column":21},"end":{"line":55,"column":1}},"line":21},"3":{"name":"(anonymous_3)","decl":{"start":{"line":26,"column":30},"end":{"line":26,"column":31}},"loc":{"start":{"line":26,"column":39},"end":{"line":26,"column":55}},"line":26},"4":{"name":"(anonymous_4)","decl":{"start":{"line":50,"column":63},"end":{"line":50,"column":64}},"loc":{"start":{"line":50,"column":69},"end":{"line":50,"column":89}},"line":50},"5":{"name":"(anonymous_5)","decl":{"start":{"line":50,"column":126},"end":{"line":50,"column":127}},"loc":{"start":{"line":50,"column":132},"end":{"line":50,"column":151}},"line":50}},"branchMap":{"0":{"loc":{"start":{"line":50,"column":16},"end":{"line":50,"column":167}},"type":"cond-expr","locations":[{"start":{"line":50,"column":29},"end":{"line":50,"column":106}},{"start":{"line":50,"column":109},"end":{"line":50,"column":167}}],"line":50}},"s":{"0":0,"1":1,"2":2,"3":1,"4":2,"5":2,"6":2,"7":4,"8":2,"9":0,"10":0},"f":{"0":0,"1":2,"2":2,"3":4,"4":0,"5":0},"b":{"0":[0,2]},"_coverageSchema":"1a1c01bbd47fc00a2c39e90264f33305004495a9","hash":"6939b2d0b13a5e78d4fa033509f0e9c698d1069a"}
,"C:\\Users\\DELL\\OneDrive\\Desktop\\Namaste React\\src\\components\\RestaurantCard.js": {"path":"C:\\Users\\DELL\\OneDrive\\Desktop\\Namaste React\\src\\components\\RestaurantCard.js","statementMap":{"0":{"start":{"line":5,"column":23},"end":{"line":17,"column":1}},"1":{"start":{"line":6,"column":18},"end":{"line":6,"column":41}},"2":{"start":{"line":7,"column":4},"end":{"line":16,"column":6}}},"fnMap":{"0":{"name":"(anonymous_0)","decl":{"start":{"line":5,"column":23},"end":{"line":5,"column":24}},"loc":{"start":{"line":5,"column":77},"end":{"line":17,"column":1}},"line":5}},"branchMap":{},"s":{"0":1,"1":16,"2":16},"f":{"0":16},"b":{},"_coverageSchema":"1a1c01bbd47fc00a2c39e90264f33305004495a9","hash":"1028b589cebe30108b97c43a824655bfcedd1328"}
,"C:\\Users\\DELL\\OneDrive\\Desktop\\Namaste React\\src\\components\\Shimmer.js": {"path":"C:\\Users\\DELL\\OneDrive\\Desktop\\Namaste React\\src\\components\\Shimmer.js","statementMap":{"0":{"start":{"line":1,"column":16},"end":{"line":14,"column":1}},"1":{"start":{"line":2,"column":4},"end":{"line":13,"column":6}},"2":{"start":{"line":7,"column":11},"end":{"line":7,"column":60}}},"fnMap":{"0":{"name":"(anonymous_0)","decl":{"start":{"line":1,"column":16},"end":{"line":1,"column":17}},"loc":{"start":{"line":1,"column":22},"end":{"line":14,"column":1}},"line":1},"1":{"name":"(anonymous_1)","decl":{"start":{"line":6,"column":12},"end":{"line":6,"column":13}},"loc":{"start":{"line":7,"column":11},"end":{"line":7,"column":60}},"line":7}},"branchMap":{},"s":{"0":1,"1":1,"2":15},"f":{"0":1,"1":15},"b":{},"_coverageSchema":"1a1c01bbd47fc00a2c39e90264f33305004495a9","hash":"ba36ef5a6b2b9241dcc17c49f8e1df1bba739433"}
,"C:\\Users\\DELL\\OneDrive\\Desktop\\Namaste React\\src\\components\\sum.js": {"path":"C:\\Users\\DELL\\OneDrive\\Desktop\\Namaste React\\src\\components\\sum.js","statementMap":{"0":{"start":{"line":1,"column":19},"end":{"line":1,"column":34}},"1":{"start":{"line":1,"column":29},"end":{"line":1,"column":34}}},"fnMap":{"0":{"name":"(anonymous_0)","decl":{"start":{"line":1,"column":19},"end":{"line":1,"column":20}},"loc":{"start":{"line":1,"column":29},"end":{"line":1,"column":34}},"line":1}},"branchMap":{},"s":{"0":1,"1":1},"f":{"0":1},"b":{},"_coverageSchema":"1a1c01bbd47fc00a2c39e90264f33305004495a9","hash":"de3abd75ceb815735bc07128d4e1e28556777a17"}
,"C:\\Users\\DELL\\OneDrive\\Desktop\\Namaste React\\src\\mocks\\dummyLogo.js": {"path":"C:\\Users\\DELL\\OneDrive\\Desktop\\Namaste React\\src\\mocks\\dummyLogo.js","statementMap":{},"fnMap":{},"branchMap":{},"s":{},"f":{},"b":{},"_coverageSchema":"1a1c01bbd47fc00a2c39e90264f33305004495a9","hash":"fcf1ad207396a73470638d392f03fe0af55456bf"}
,"C:\\Users\\DELL\\OneDrive\\Desktop\\Namaste React\\src\\utils\\UserContext.js": {"path":"C:\\Users\\DELL\\OneDrive\\Desktop\\Namaste React\\src\\utils\\UserContext.js","statementMap":{"0":{"start":{"line":3,"column":20},"end":{"line":7,"column":3}}},"fnMap":{},"branchMap":{},"s":{"0":2},"f":{},"b":{},"_coverageSchema":"1a1c01bbd47fc00a2c39e90264f33305004495a9","hash":"47345ad6b1416ac33db6ca05cdbe0a900ba3f37e"}
,"C:\\Users\\DELL\\OneDrive\\Desktop\\Namaste React\\src\\utils\\cartSlice.js": {"path":"C:\\Users\\DELL\\OneDrive\\Desktop\\Namaste React\\src\\utils\\cartSlice.js","statementMap":{"0":{"start":{"line":3,"column":18},"end":{"line":20,"column":2}},"1":{"start":{"line":10,"column":0},"end":{"line":10,"column":33}},"2":{"start":{"line":13,"column":4},"end":{"line":13,"column":22}},"3":{"start":{"line":16,"column":4},"end":{"line":16,"column":20}},"4":{"start":{"line":22,"column":47},"end":{"line":22,"column":64}}},"fnMap":{"0":{"name":"(anonymous_0)","decl":{"start":{"line":9,"column":9},"end":{"line":9,"column":10}},"loc":{"start":{"line":9,"column":28},"end":{"line":11,"column":1}},"line":9},"1":{"name":"(anonymous_1)","decl":{"start":{"line":12,"column":12},"end":{"line":12,"column":13}},"loc":{"start":{"line":12,"column":30},"end":{"line":14,"column":1}},"line":12},"2":{"name":"(anonymous_2)","decl":{"start":{"line":15,"column":11},"end":{"line":15,"column":12}},"loc":{"start":{"line":15,"column":22},"end":{"line":17,"column":1}},"line":15}},"branchMap":{},"s":{"0":2,"1":0,"2":0,"3":0,"4":2},"f":{"0":0,"1":0,"2":0},"b":{},"_coverageSchema":"1a1c01bbd47fc00a2c39e90264f33305004495a9","hash":"2bcf7e6dbf11db06f86bdcf38e57da061b60d1a7"}
,"C:\\Users\\DELL\\OneDrive\\Desktop\\Namaste React\\src\\utils\\store.js": {"path":"C:\\Users\\DELL\\OneDrive\\Desktop\\Namaste React\\src\\utils\\store.js","statementMap":{"0":{"start":{"line":4,"column":14},"end":{"line":8,"column":2}}},"fnMap":{},"branchMap":{},"s":{"0":2},"f":{},"b":{},"_coverageSchema":"1a1c01bbd47fc00a2c39e90264f33305004495a9","hash":"57e19bc891ce832cd9279ed45d1ad121606d3cdf"}
,"C:\\Users\\DELL\\OneDrive\\Desktop\\Namaste React\\src\\utils\\useOnline.js": {"path":"C:\\Users\\DELL\\OneDrive\\Desktop\\Namaste React\\src\\utils\\useOnline.js","statementMap":{"0":{"start":{"line":3,"column":18},"end":{"line":27,"column":1}},"1":{"start":{"line":4,"column":32},"end":{"line":4,"column":46}},"2":{"start":{"line":6,"column":0},"end":{"line":23,"column":7}},"3":{"start":{"line":8,"column":25},"end":{"line":10,"column":5}},"4":{"start":{"line":9,"column":8},"end":{"line":9,"column":26}},"5":{"start":{"line":11,"column":26},"end":{"line":13,"column":5}},"6":{"start":{"line":12,"column":8},"end":{"line":12,"column":27}},"7":{"start":{"line":14,"column":4},"end":{"line":15,"column":6}},"8":{"start":{"line":16,"column":4},"end":{"line":17,"column":6}},"9":{"start":{"line":18,"column":4},"end":{"line":21,"column":6}},"10":{"start":{"line":19,"column":8},"end":{"line":19,"column":59}},"11":{"start":{"line":20,"column":8},"end":{"line":20,"column":61}},"12":{"start":{"line":25,"column":4},"end":{"line":25,"column":20}}},"fnMap":{"0":{"name":"(anonymous_0)","decl":{"start":{"line":3,"column":18},"end":{"line":3,"column":19}},"loc":{"start":{"line":3,"column":24},"end":{"line":27,"column":1}},"line":3},"1":{"name":"(anonymous_1)","decl":{"start":{"line":6,"column":10},"end":{"line":6,"column":11}},"loc":{"start":{"line":6,"column":16},"end":{"line":23,"column":1}},"line":6},"2":{"name":"(anonymous_2)","decl":{"start":{"line":8,"column":25},"end":{"line":8,"column":26}},"loc":{"start":{"line":8,"column":31},"end":{"line":10,"column":5}},"line":8},"3":{"name":"(anonymous_3)","decl":{"start":{"line":11,"column":26},"end":{"line":11,"column":27}},"loc":{"start":{"line":11,"column":32},"end":{"line":13,"column":5}},"line":11},"4":{"name":"(anonymous_4)","decl":{"start":{"line":18,"column":11},"end":{"line":18,"column":12}},"loc":{"start":{"line":18,"column":17},"end":{"line":21,"column":5}},"line":18}},"branchMap":{},"s":{"0":1,"1":2,"2":2,"3":1,"4":0,"5":1,"6":0,"7":1,"8":1,"9":1,"10":1,"11":1,"12":2},"f":{"0":2,"1":1,"2":0,"3":0,"4":1},"b":{},"_coverageSchema":"1a1c01bbd47fc00a2c39e90264f33305004495a9","hash":"6f934976da34591918c534305f0a47b1f8589dc9"}
}
