TN:
SF:src\config.js
FNF:0
FNH:0
DA:4,1
DA:6,1
DA:1668,1
LF:3
LH:3
BRF:0
BRH:0
end_of_record
TN:
SF:src\components\Body.js
FN:9,filterData
FN:10,(anonymous_1)
FN:16,(anonymous_2)
FN:21,(anonymous_3)
FN:28,(anonymous_4)
FN:53,(anonymous_5)
FN:54,(anonymous_6)
FN:65,(anonymous_7)
FNF:8
FNH:4
FNDA:0,filterData
FNDA:0,(anonymous_1)
FNDA:2,(anonymous_2)
FNDA:1,(anonymous_3)
FNDA:1,(anonymous_4)
FNDA:0,(anonymous_5)
FNDA:0,(anonymous_6)
FNDA:16,(anonymous_7)
DA:10,0
DA:11,0
DA:13,0
DA:16,1
DA:17,2
DA:18,2
DA:19,2
DA:21,2
DA:23,1
DA:28,2
DA:34,1
DA:36,1
DA:37,1
DA:43,2
DA:44,2
DA:45,0
DA:50,2
DA:53,0
DA:56,0
DA:58,0
DA:66,16
LF:21
LH:14
BRDA:44,0,0,0
BRDA:44,0,1,2
BRDA:50,1,0,1
BRDA:50,1,1,1
BRF:4
BRH:3
end_of_record
TN:
SF:src\components\Header.js
FN:7,loggedInUser
FN:14,(anonymous_1)
FN:21,(anonymous_2)
FN:26,(anonymous_3)
FN:50,(anonymous_4)
FN:50,(anonymous_5)
FNF:6
FNH:3
FNDA:0,loggedInUser
FNDA:2,(anonymous_1)
FNDA:2,(anonymous_2)
FNDA:4,(anonymous_3)
FNDA:0,(anonymous_4)
FNDA:0,(anonymous_5)
DA:9,0
DA:14,1
DA:15,2
DA:21,1
DA:22,2
DA:24,2
DA:26,4
DA:28,2
DA:50,0
LF:9
LH:7
BRDA:50,0,0,0
BRDA:50,0,1,2
BRF:2
BRH:1
end_of_record
TN:
SF:src\components\RestaurantCard.js
FN:5,(anonymous_0)
FNF:1
FNH:1
FNDA:16,(anonymous_0)
DA:5,1
DA:6,16
DA:7,16
LF:3
LH:3
BRF:0
BRH:0
end_of_record
TN:
SF:src\components\Shimmer.js
FN:1,(anonymous_0)
FN:6,(anonymous_1)
FNF:2
FNH:2
FNDA:1,(anonymous_0)
FNDA:15,(anonymous_1)
DA:1,1
DA:2,1
DA:7,15
LF:3
LH:3
BRF:0
BRH:0
end_of_record
TN:
SF:src\components\sum.js
FN:1,(anonymous_0)
FNF:1
FNH:1
FNDA:1,(anonymous_0)
DA:1,1
LF:1
LH:1
BRF:0
BRH:0
end_of_record
TN:
SF:src\mocks\dummyLogo.js
FNF:0
FNH:0
LF:0
LH:0
BRF:0
BRH:0
end_of_record
TN:
SF:src\utils\UserContext.js
FNF:0
FNH:0
DA:3,2
LF:1
LH:1
BRF:0
BRH:0
end_of_record
TN:
SF:src\utils\cartSlice.js
FN:9,(anonymous_0)
FN:12,(anonymous_1)
FN:15,(anonymous_2)
FNF:3
FNH:0
FNDA:0,(anonymous_0)
FNDA:0,(anonymous_1)
FNDA:0,(anonymous_2)
DA:3,2
DA:10,0
DA:13,0
DA:16,0
DA:22,2
LF:5
LH:2
BRF:0
BRH:0
end_of_record
TN:
SF:src\utils\store.js
FNF:0
FNH:0
DA:4,2
LF:1
LH:1
BRF:0
BRH:0
end_of_record
TN:
SF:src\utils\useOnline.js
FN:3,(anonymous_0)
FN:6,(anonymous_1)
FN:8,(anonymous_2)
FN:11,(anonymous_3)
FN:18,(anonymous_4)
FNF:5
FNH:3
FNDA:2,(anonymous_0)
FNDA:1,(anonymous_1)
FNDA:0,(anonymous_2)
FNDA:0,(anonymous_3)
FNDA:1,(anonymous_4)
DA:3,1
DA:4,2
DA:6,2
DA:8,1
DA:9,0
DA:11,1
DA:12,0
DA:14,1
DA:16,1
DA:18,1
DA:19,1
DA:20,1
DA:25,2
LF:13
LH:11
BRF:0
BRH:0
end_of_record
